0 info it worked if it ends with ok
1 verbose cli [ '/usr/bin/nodejs', '/usr/bin/npm', 'search', 'bootstrap' ]
2 info using npm@1.3.10
3 info using node@v0.10.25
4 warn Building the local index for the first time, please be patient
5 verbose url raw /-/all
6 verbose url resolving [ 'https://registry.npmjs.org/', './-/all' ]
7 verbose url resolved https://registry.npmjs.org/-/all
8 info trying registry request attempt 1 at 07:32:21
9 http GET https://registry.npmjs.org/-/all
10 http 200 https://registry.npmjs.org/-/all
11 error RangeError: Invalid array length
11 error     at /usr/share/npm/node_modules/npm-registry-client/lib/get.js:87:15
11 error     at Array.forEach (native)
11 error     at /usr/share/npm/node_modules/npm-registry-client/lib/get.js:86:26
11 error     at cb (/usr/share/npm/node_modules/npm-registry-client/lib/request.js:27:9)
11 error     at RegClient.<anonymous> (/usr/share/npm/node_modules/npm-registry-client/lib/request.js:122:16)
11 error     at cb (/usr/share/npm/node_modules/npm-registry-client/lib/request.js:158:9)
11 error     at RegClient.<anonymous> (/usr/share/npm/node_modules/npm-registry-client/lib/request.js:303:12)
11 error     at Request.self.callback (/usr/lib/nodejs/request/index.js:148:22)
11 error     at Request.EventEmitter.emit (events.js:98:17)
11 error     at Request.<anonymous> (/usr/lib/nodejs/request/index.js:896:14)
12 error If you need help, you may report this log at:
12 error     <http://github.com/isaacs/npm/issues>
12 error or email it to:
12 error     <npm-@googlegroups.com>
13 error System Linux 3.13.0-37-generic
14 error command "/usr/bin/nodejs" "/usr/bin/npm" "search" "bootstrap"
15 error cwd /mnt/boxnlines
16 error node -v v0.10.25
17 error npm -v 1.3.10
18 error type invalid_array_length
19 verbose exit [ 1, true ]
